<?xml version="1.0" encoding="UTF-8"?>
<testsuite name="org.airtribe.LearnerSystem.LearnerSystemApplicationTests" tests="1" skipped="0" failures="0" errors="0" timestamp="2025-03-22T07:52:53.932Z" hostname="ppanjwan-mn1.linkedin.biz" time="0.501">
  <properties/>
  <testcase name="contextLoads()" classname="org.airtribe.LearnerSystem.LearnerSystemApplicationTests" time="0.501"/>
  <system-out><![CDATA[13:22:53.165 [Test worker] INFO org.springframework.test.context.support.AnnotationConfigContextLoaderUtils -- Could not detect default configuration classes for test class [org.airtribe.LearnerSystem.LearnerSystemApplicationTests]: LearnerSystemApplicationTests does not declare any static, non-private, non-final, nested classes annotated with @Configuration.
13:22:53.218 [Test worker] INFO org.springframework.boot.test.context.SpringBootTestContextBootstrapper -- Found @SpringBootConfiguration org.airtribe.LearnerSystem.LearnerSystemApplication for test class org.airtribe.LearnerSystem.LearnerSystemApplicationTests

  .   ____          _            __ _ _
 /\\ / ___'_ __ _ _(_)_ __  __ _ \ \ \ \
( ( )\___ | '_ | '_| | '_ \/ _` | \ \ \ \
 \\/  ___)| |_)| | | | | || (_| |  ) ) ) )
  '  |____| .__|_| |_|_| |_\__, | / / / /
 =========|_|==============|___/=/_/_/_/

 :: Spring Boot ::                (v3.4.4)

2025-03-22T13:22:53.420+05:30  INFO 40722 --- [LearnerSystem] [    Test worker] o.a.L.LearnerSystemApplicationTests      : Starting LearnerSystemApplicationTests using Java 17.0.5 with PID 40722 (started by ppanjwan in /Users/ppanjwan/Downloads/LearnerSystem)
2025-03-22T13:22:53.421+05:30  INFO 40722 --- [LearnerSystem] [    Test worker] o.a.L.LearnerSystemApplicationTests      : No active profile set, falling back to 1 default profile: "default"
2025-03-22T13:22:53.927+05:30  INFO 40722 --- [LearnerSystem] [    Test worker] o.a.L.LearnerSystemApplicationTests      : Started LearnerSystemApplicationTests in 0.634 seconds (process running for 1.209)
]]></system-out>
  <system-err><![CDATA[]]></system-err>
</testsuite>
